<?xml version="1.0" encoding="UTF-8" ?>
<testsuite tests="51" failures="0" name="asos.StepDefinitions.runTests" time="0.014" errors="0" skipped="0">
  <properties>
    <property name="java.runtime.name" value="Java(TM) SE Runtime Environment"/>
    <property name="sun.boot.library.path" value="C:\Program Files\Java\jdk1.8.0_65\jre\bin"/>
    <property name="java.vm.version" value="25.65-b01"/>
    <property name="java.vm.vendor" value="Oracle Corporation"/>
    <property name="maven.multiModuleProjectDirectory" value="C:\Users\IBM_ADMIN\Desktop\asos\asos-auto-test"/>
    <property name="java.vendor.url" value="http://java.oracle.com/"/>
    <property name="path.separator" value=";"/>
    <property name="guice.disable.misplaced.annotation.check" value="true"/>
    <property name="java.vm.name" value="Java HotSpot(TM) 64-Bit Server VM"/>
    <property name="file.encoding.pkg" value="sun.io"/>
    <property name="user.script" value=""/>
    <property name="user.country" value="GB"/>
    <property name="sun.java.launcher" value="SUN_STANDARD"/>
    <property name="sun.os.patch.level" value="Service Pack 1"/>
    <property name="test" value="*"/>
    <property name="java.vm.specification.name" value="Java Virtual Machine Specification"/>
    <property name="user.dir" value="C:\Users\IBM_ADMIN\Desktop\asos\asos-auto-test"/>
    <property name="java.runtime.version" value="1.8.0_65-b17"/>
    <property name="java.awt.graphicsenv" value="sun.awt.Win32GraphicsEnvironment"/>
    <property name="java.endorsed.dirs" value="C:\Program Files\Java\jdk1.8.0_65\jre\lib\endorsed"/>
    <property name="os.arch" value="amd64"/>
    <property name="java.io.tmpdir" value="C:\Users\IBM_AD~1\AppData\Local\Temp\"/>
    <property name="line.separator" value="
"/>
    <property name="java.vm.specification.vendor" value="Oracle Corporation"/>
    <property name="user.variant" value=""/>
    <property name="os.name" value="Windows 7"/>
    <property name="classworlds.conf" value="C:\apache-maven-3.3.9\bin\m2.conf"/>
    <property name="sun.jnu.encoding" value="Cp1252"/>
    <property name="java.library.path" value="C:\Program Files\Java\jdk1.8.0_65\bin;C:\windows\Sun\Java\bin;C:\windows\system32;C:\windows;C:\ProgramData\Oracle\Java\javapath;C:\windows\system32;C:\windows;C:\windows\System32\Wbem;C:\windows\System32\WindowsPowerShell\v1.0\;C:\Program Files\IBM\Infoprint Select;C:\Program Files (x86)\IBM\Mobility Client\;C:\Program Files (x86)\scala\bin;C:\HashiCorp\Vagrant\bin;C:\Program Files\CloudFoundry;C:\Program Files (x86)\Skype\Phone\;C:\Program Files\Calibre2\;C:\SeleniumWebdrivers;C:\RailsInstaller\Git\cmd;C:\RailsInstaller\Ruby2.2.0\bin;%JDK_HOME%/bin;C:\apache-maven-3.3.9\bin;C:\bin;C:\Program Files\Docker Toolbox;C:\SeleniumWebdrivers;."/>
    <property name="java.specification.name" value="Java Platform API Specification"/>
    <property name="java.class.version" value="52.0"/>
    <property name="sun.management.compiler" value="HotSpot 64-Bit Tiered Compilers"/>
    <property name="os.version" value="6.1"/>
    <property name="user.home" value="C:\Users\IBM_ADMIN"/>
    <property name="user.timezone" value="Europe/London"/>
    <property name="java.awt.printerjob" value="sun.awt.windows.WPrinterJob"/>
    <property name="java.specification.version" value="1.8"/>
    <property name="file.encoding" value="Cp1252"/>
    <property name="user.name" value="ADMINIBM"/>
    <property name="java.class.path" value="C:\apache-maven-3.3.9\boot\plexus-classworlds-2.5.2.jar"/>
    <property name="java.vm.specification.version" value="1.8"/>
    <property name="sun.arch.data.model" value="64"/>
    <property name="java.home" value="C:\Program Files\Java\jdk1.8.0_65\jre"/>
    <property name="sun.java.command" value="org.codehaus.plexus.classworlds.launcher.Launcher clean install -Dtest=* test"/>
    <property name="java.specification.vendor" value="Oracle Corporation"/>
    <property name="user.language" value="en"/>
    <property name="awt.toolkit" value="sun.awt.windows.WToolkit"/>
    <property name="java.vm.info" value="mixed mode"/>
    <property name="java.version" value="1.8.0_65"/>
    <property name="java.ext.dirs" value="C:\Program Files\Java\jdk1.8.0_65\jre\lib\ext;C:\windows\Sun\Java\lib\ext"/>
    <property name="sun.boot.class.path" value="C:\Program Files\Java\jdk1.8.0_65\jre\lib\resources.jar;C:\Program Files\Java\jdk1.8.0_65\jre\lib\rt.jar;C:\Program Files\Java\jdk1.8.0_65\jre\lib\sunrsasign.jar;C:\Program Files\Java\jdk1.8.0_65\jre\lib\jsse.jar;C:\Program Files\Java\jdk1.8.0_65\jre\lib\jce.jar;C:\Program Files\Java\jdk1.8.0_65\jre\lib\charsets.jar;C:\Program Files\Java\jdk1.8.0_65\jre\lib\jfr.jar;C:\Program Files\Java\jdk1.8.0_65\jre\classes"/>
    <property name="sun.stderr.encoding" value="cp850"/>
    <property name="java.vendor" value="Oracle Corporation"/>
    <property name="maven.home" value="C:\apache-maven-3.3.9"/>
    <property name="file.separator" value="\"/>
    <property name="java.vendor.url.bug" value="http://bugreport.sun.com/bugreport/"/>
    <property name="sun.cpu.endian" value="little"/>
    <property name="sun.io.unicode.encoding" value="UnicodeLittle"/>
    <property name="sun.stdout.encoding" value="cp850"/>
    <property name="sun.desktop" value="windows"/>
    <property name="sun.cpu.isalist" value="amd64"/>
  </properties>
  <testcase classname="Scenario: Search for t shirts" name="Given I want to order a shirt" time="0.003"/>
  <testcase classname="Scenario: Search for t shirts" name="When I search for &apos;Purple T-Shirt&apos;" time="0"/>
  <testcase classname="Scenario: Search for t shirts" name="Then I should see some &apos;Purple T-Shirt&apos;" time="0"/>
  <testcase classname="Scenario: Search for t shirts" name="Scenario: Search for t shirts" time="0.002"/>
  <testcase classname="Scenario: Search for t shirts in Australian store" name="Given I want to order a shirt" time="0"/>
  <testcase classname="Scenario: Search for t shirts in Australian store" name="When I search for &apos;Yellow T-Shirt&apos; in the Australian store" time="0"/>
  <testcase classname="Scenario: Search for t shirts in Australian store" name="Then I should see some &apos;Yellow T-Shirt&apos;" time="0"/>
  <testcase classname="Scenario: Search for t shirts in Australian store" name="Scenario: Search for t shirts in Australian store" time="0.001"/>
  <testcase classname="Scenario: Display search results in 4 columns" name="Given I have searched for &apos;Yellow T-Shirt&apos; on the Australian store" time="0"/>
  <testcase classname="Scenario: Display search results in 4 columns" name="And I have some &apos;Yellow T-Shirt&apos; displayed" time="0"/>
  <testcase classname="Scenario: Display search results in 4 columns" name="When I organize them in 4 columns" time="0"/>
  <testcase classname="Scenario: Display search results in 4 columns" name="Then I should see some &apos;Yellow T-Shirt&apos; organized in 4 columns" time="0"/>
  <testcase classname="Scenario: Display search results in 4 columns" name="Scenario: Display search results in 4 columns" time="0.001"/>
  <testcase classname="| MEN | S | GREEN | MEN-S-GREEN |" name="Given I have searched for &apos;Yellow T-Shirt&apos; on the Australian store" time="0"/>
  <testcase classname="| MEN | S | GREEN | MEN-S-GREEN |" name="And I have some &apos;Yellow T-Shirt&apos; displayed" time="0"/>
  <testcase classname="| MEN | S | GREEN | MEN-S-GREEN |" name="When I refine my search by gender:&apos;MEN&apos; size:&apos;S&apos; and colour:&apos;GREEN&apos;" time="0"/>
  <testcase classname="| MEN | S | GREEN | MEN-S-GREEN |" name="Then I should see the expected result:&apos;MEN-S-GREEN&apos;" time="0"/>
  <testcase classname="| MEN | S | GREEN | MEN-S-GREEN |" name="| MEN | S | GREEN | MEN-S-GREEN |" time="0.001"/>
  <testcase classname="| MEN | M | MULTI | MEN-M-MULTI |" name="Given I have searched for &apos;Yellow T-Shirt&apos; on the Australian store" time="0"/>
  <testcase classname="| MEN | M | MULTI | MEN-M-MULTI |" name="And I have some &apos;Yellow T-Shirt&apos; displayed" time="0"/>
  <testcase classname="| MEN | M | MULTI | MEN-M-MULTI |" name="When I refine my search by gender:&apos;MEN&apos; size:&apos;M&apos; and colour:&apos;MULTI&apos;" time="0"/>
  <testcase classname="| MEN | M | MULTI | MEN-M-MULTI |" name="Then I should see the expected result:&apos;MEN-M-MULTI&apos;" time="0"/>
  <testcase classname="| MEN | M | MULTI | MEN-M-MULTI |" name="| MEN | M | MULTI | MEN-M-MULTI |" time="0.001"/>
  <testcase classname="| MEN | L | YELLOW | MEN-L-YELLOW |" name="Given I have searched for &apos;Yellow T-Shirt&apos; on the Australian store" time="0"/>
  <testcase classname="| MEN | L | YELLOW | MEN-L-YELLOW |" name="And I have some &apos;Yellow T-Shirt&apos; displayed" time="0"/>
  <testcase classname="| MEN | L | YELLOW | MEN-L-YELLOW |" name="When I refine my search by gender:&apos;MEN&apos; size:&apos;L&apos; and colour:&apos;YELLOW&apos;" time="0"/>
  <testcase classname="| MEN | L | YELLOW | MEN-L-YELLOW |" name="Then I should see the expected result:&apos;MEN-L-YELLOW&apos;" time="0"/>
  <testcase classname="| MEN | L | YELLOW | MEN-L-YELLOW |" name="| MEN | L | YELLOW | MEN-L-YELLOW |" time="0"/>
  <testcase classname="| WOMEN | AU4 | YELLOW | WOMEN-AU4-YELLOW |" name="Given I have searched for &apos;Yellow T-Shirt&apos; on the Australian store" time="0"/>
  <testcase classname="| WOMEN | AU4 | YELLOW | WOMEN-AU4-YELLOW |" name="And I have some &apos;Yellow T-Shirt&apos; displayed" time="0"/>
  <testcase classname="| WOMEN | AU4 | YELLOW | WOMEN-AU4-YELLOW |" name="When I refine my search by gender:&apos;WOMEN&apos; size:&apos;AU4&apos; and colour:&apos;YELLOW&apos;" time="0"/>
  <testcase classname="| WOMEN | AU4 | YELLOW | WOMEN-AU4-YELLOW |" name="Then I should see the expected result:&apos;WOMEN-AU4-YELLOW&apos;" time="0"/>
  <testcase classname="| WOMEN | AU4 | YELLOW | WOMEN-AU4-YELLOW |" name="| WOMEN | AU4 | YELLOW | WOMEN-AU4-YELLOW |" time="0.001"/>
  <testcase classname="| WOMEN | AU18 | YELLOW | WOMEN-AU18-YELLOW |" name="Given I have searched for &apos;Yellow T-Shirt&apos; on the Australian store" time="0"/>
  <testcase classname="| WOMEN | AU18 | YELLOW | WOMEN-AU18-YELLOW |" name="And I have some &apos;Yellow T-Shirt&apos; displayed" time="0"/>
  <testcase classname="| WOMEN | AU18 | YELLOW | WOMEN-AU18-YELLOW |" name="When I refine my search by gender:&apos;WOMEN&apos; size:&apos;AU18&apos; and colour:&apos;YELLOW&apos;" time="0"/>
  <testcase classname="| WOMEN | AU18 | YELLOW | WOMEN-AU18-YELLOW |" name="Then I should see the expected result:&apos;WOMEN-AU18-YELLOW&apos;" time="0"/>
  <testcase classname="| WOMEN | AU18 | YELLOW | WOMEN-AU18-YELLOW |" name="| WOMEN | AU18 | YELLOW | WOMEN-AU18-YELLOW |" time="0.002"/>
  <testcase classname="Scenario: Display prices in NZ dollars in the Australian Store" name="Given I have searched for &apos;Yellow T-Shirt&apos; on the Australian store" time="0"/>
  <testcase classname="Scenario: Display prices in NZ dollars in the Australian Store" name="And I have some &apos;Yellow T-Shirt&apos; displayed" time="0"/>
  <testcase classname="Scenario: Display prices in NZ dollars in the Australian Store" name="When I click to change the currency to NZ dollars" time="0"/>
  <testcase classname="Scenario: Display prices in NZ dollars in the Australian Store" name="Then I should see the prices in NZ dollars" time="0"/>
  <testcase classname="Scenario: Display prices in NZ dollars in the Australian Store" name="Scenario: Display prices in NZ dollars in the Australian Store" time="0.001"/>
  <testcase classname="Scenario: Save an item for later" name="Given I have searched for &apos;Yellow T-Shirt&apos; on the Australian store" time="0"/>
  <testcase classname="Scenario: Save an item for later" name="When I save an item for later" time="0"/>
  <testcase classname="Scenario: Save an item for later" name="Then the item is saved" time="0"/>
  <testcase classname="Scenario: Save an item for later" name="Scenario: Save an item for later" time="0.001"/>
  <testcase classname="Scenario: Add an item to the bag" name="Given I have searched for &apos;Yellow T-Shirt&apos; on the Australian store" time="0"/>
  <testcase classname="Scenario: Add an item to the bag" name="When I add an item to the bag" time="0"/>
  <testcase classname="Scenario: Add an item to the bag" name="Then the item is added to the bag" time="0"/>
  <testcase classname="Scenario: Add an item to the bag" name="Scenario: Add an item to the bag" time="0"/>
</testsuite>